<?xml version="1.0" encoding="utf-8"?><testsuites name="pytest tests"><testsuite name="pytest" errors="0" failures="0" skipped="0" tests="20" time="5.905" timestamp="2026-06-01T18:39:00.236734+00:00" hostname="agent-env-4558f128-fecb-46db-aede-3708e3e9abe0"><testcase classname="backend.tests.backend_test.TestAuth" name="test_super_admin_login" time="0.451" /><testcase classname="backend.tests.backend_test.TestAuth" name="test_login_invalid" time="0.324" /><testcase classname="backend.tests.backend_test.TestAuth" name="test_auth_me" time="0.468" /><testcase classname="backend.tests.backend_test.TestAuth" name="test_auth_me_no_token" time="0.105" /><testcase classname="backend.tests.backend_test.TestAdminUsers" name="test_create_restaurant_admin" time="0.813" /><testcase classname="backend.tests.backend_test.TestAdminUsers" name="test_list_admin_users_requires_super" time="0.583" /><testcase classname="backend.tests.backend_test.TestAdminUsers" name="test_restaurant_admin_cannot_create_restaurant" time="0.133" /><testcase classname="backend.tests.backend_test.TestRestaurants" name="test_super_admin_sees_all" time="0.235" /><testcase classname="backend.tests.backend_test.TestRestaurants" name="test_restaurant_admin_scoped" time="0.105" /><testcase classname="backend.tests.backend_test.TestOrders" name="test_public_order_creation" time="0.245" /><testcase classname="backend.tests.backend_test.TestOrders" name="test_manual_order_requires_auth" time="0.109" /><testcase classname="backend.tests.backend_test.TestOrders" name="test_manual_order_creation" time="0.112" /><testcase classname="backend.tests.backend_test.TestOrders" name="test_update_status" time="0.356" /><testcase classname="backend.tests.backend_test.TestOrders" name="test_restaurant_admin_cannot_access_other_restaurant_order" time="0.216" /><testcase classname="backend.tests.backend_test.TestOrders" name="test_orders_list_scoped" time="0.335" /><testcase classname="backend.tests.backend_test.TestBills" name="test_create_bill_with_tax_and_pay" time="0.586" /><testcase classname="backend.tests.backend_test.TestBills" name="test_list_bills_filtered" time="0.114" /><testcase classname="backend.tests.backend_test.TestDashboard" name="test_super_admin_stats" time="0.121" /><testcase classname="backend.tests.backend_test.TestDashboard" name="test_restaurant_admin_stats_scoped" time="0.118" /><testcase classname="backend.tests.backend_test.TestWebSocket" name="test_ws_restaurant_connect" time="0.309" /></testsuite></testsuites>